<?xml version="1.0" encoding="UTF-8"?><testsuite failures="1" name="cucumber.runtime.formatter.JUnitFormatter" skipped="0" tests="2" time="21.014099">
<testcase classname="Dev Test Functions" name="TS:[&quot;002&quot;] - [health Check Page]  - &quot;001&quot; - &quot;Search for a repo in input field and check result&quot;" time="14.746085">
<system-out><![CDATA[Given open the test environment "http://localhost:3000/"....................passed
When search for a repo "11".................................................passed
And navigate on repo "2D-Platformer-Engine".................................passed
When check message on screen github "GuodGameEngine"........................passed
]]></system-out>
</testcase>
<testcase classname="Dev Test Functions" name="TS:[&quot;002&quot;] - [health Check Page]  - &quot;001&quot; - &quot;Search for a repo in input field and check result&quot; 2" time="6.268014">
<failure message="java.lang.AssertionError&#10;&#9;at org.junit.Assert.fail(Assert.java:86)&#10;&#9;at org.junit.Assert.assertTrue(Assert.java:41)&#10;&#9;at org.junit.Assert.assertFalse(Assert.java:64)&#10;&#9;at org.junit.Assert.assertFalse(Assert.java:74)&#10;&#9;at br.com.luisdet.Pages.searchPage.navigateOnRepo(searchPage.java:59)&#10;&#9;at br.com.luisdet.Steps.searchPageSteps.navigateOnRepo(searchPageSteps.java:40)&#10;&#9;at ✽.And navigate on repo &quot;2D-Platformer-Engine&quot;(devtest.feature:28)&#10;"><![CDATA[Given open the test environment "http://localhost:3000/"....................passed
When search for a repo "11".................................................passed
And navigate on repo "2D-Platformer-Engine".................................failed
When check message on screen github "teste123"..............................skipped

StackTrace:
java.lang.AssertionError
	at org.junit.Assert.fail(Assert.java:86)
	at org.junit.Assert.assertTrue(Assert.java:41)
	at org.junit.Assert.assertFalse(Assert.java:64)
	at org.junit.Assert.assertFalse(Assert.java:74)
	at br.com.luisdet.Pages.searchPage.navigateOnRepo(searchPage.java:59)
	at br.com.luisdet.Steps.searchPageSteps.navigateOnRepo(searchPageSteps.java:40)
	at ✽.And navigate on repo "2D-Platformer-Engine"(devtest.feature:28)
]]></failure>
</testcase>
</testsuite>
